Error fetching machines list: Error: connect ETIMEDOUT
    at Object.createConnectionPromise [as createConnection] (C:\Users\Александр\Documents\GIT\cnc_monitoring\node_modules\mysql2\promise.js:19:31)
    at C:\Users\Александр\Documents\GIT\cnc_monitoring\server2.js:306:36
    at Layer.handle [as handle_request] (C:\Users\Александр\Documents\GIT\cnc_monitoring\node_modules\express\lib\router\layer.js:95:5)
    at next (C:\Users\Александр\Documents\GIT\cnc_monitoring\node_modules\express\lib\router\route.js:149:13)
    at Route.dispatch (C:\Users\Александр\Documents\GIT\cnc_monitoring\node_modules\express\lib\router\route.js:119:3)
    at Layer.handle [as handle_request] (C:\Users\Александр\Documents\GIT\cnc_monitoring\node_modules\express\lib\router\layer.js:95:5)
    at C:\Users\Александр\Documents\GIT\cnc_monitoring\node_modules\express\lib\router\index.js:284:15
    at Function.process_params (C:\Users\Александр\Documents\GIT\cnc_monitoring\node_modules\express\lib\router\index.js:346:12)
    at next (C:\Users\Александр\Documents\GIT\cnc_monitoring\node_modules\express\lib\router\index.js:280:10)
    at jsonParser (C:\Users\Александр\Documents\GIT\cnc_monitoring\node_modules\body-parser\lib\types\json.js:113:7) {
  code: 'ETIMEDOUT',
  errno: undefined,
  sqlState: undefined
}
Error fetching workshop summary: Error: connect ETIMEDOUT
    at Object.createConnectionPromise [as createConnection] (C:\Users\Александр\Documents\GIT\cnc_monitoring\node_modules\mysql2\promise.js:19:31)
    at C:\Users\Александр\Documents\GIT\cnc_monitoring\server2.js:45:36
    at Layer.handle [as handle_request] (C:\Users\Александр\Documents\GIT\cnc_monitoring\node_modules\express\lib\router\layer.js:95:5)
    at next (C:\Users\Александр\Documents\GIT\cnc_monitoring\node_modules\express\lib\router\route.js:149:13)
    at Route.dispatch (C:\Users\Александр\Documents\GIT\cnc_monitoring\node_modules\express\lib\router\route.js:119:3)
    at Layer.handle [as handle_request] (C:\Users\Александр\Documents\GIT\cnc_monitoring\node_modules\express\lib\router\layer.js:95:5)
    at C:\Users\Александр\Documents\GIT\cnc_monitoring\node_modules\express\lib\router\index.js:284:15
    at Function.process_params (C:\Users\Александр\Documents\GIT\cnc_monitoring\node_modules\express\lib\router\index.js:346:12)
    at next (C:\Users\Александр\Documents\GIT\cnc_monitoring\node_modules\express\lib\router\index.js:280:10)
    at jsonParser (C:\Users\Александр\Documents\GIT\cnc_monitoring\node_modules\body-parser\lib\types\json.js:113:7) {
  code: 'ETIMEDOUT',
  errno: undefined,
  sqlState: undefined
}
Error fetching workshop summary: Error: connect ETIMEDOUT
    at Object.createConnectionPromise [as createConnection] (C:\Users\Александр\Documents\GIT\cnc_monitoring\node_modules\mysql2\promise.js:19:31)
    at C:\Users\Александр\Documents\GIT\cnc_monitoring\server2.js:45:36
    at Layer.handle [as handle_request] (C:\Users\Александр\Documents\GIT\cnc_monitoring\node_modules\express\lib\router\layer.js:95:5)
    at next (C:\Users\Александр\Documents\GIT\cnc_monitoring\node_modules\express\lib\router\route.js:149:13)
    at Route.dispatch (C:\Users\Александр\Documents\GIT\cnc_monitoring\node_modules\express\lib\router\route.js:119:3)
    at Layer.handle [as handle_request] (C:\Users\Александр\Documents\GIT\cnc_monitoring\node_modules\express\lib\router\layer.js:95:5)
    at C:\Users\Александр\Documents\GIT\cnc_monitoring\node_modules\express\lib\router\index.js:284:15
    at Function.process_params (C:\Users\Александр\Documents\GIT\cnc_monitoring\node_modules\express\lib\router\index.js:346:12)
    at next (C:\Users\Александр\Documents\GIT\cnc_monitoring\node_modules\express\lib\router\index.js:280:10)
    at jsonParser (C:\Users\Александр\Documents\GIT\cnc_monitoring\node_modules\body-parser\lib\types\json.js:113:7) {
  code: 'ETIMEDOUT',
  errno: undefined,
  sqlState: undefined
}
Error fetching workshop summary: Error: connect ETIMEDOUT
    at Object.createConnectionPromise [as createConnection] (C:\Users\Александр\Documents\GIT\cnc_monitoring\node_modules\mysql2\promise.js:19:31)
    at C:\Users\Александр\Documents\GIT\cnc_monitoring\server2.js:45:36
    at Layer.handle [as handle_request] (C:\Users\Александр\Documents\GIT\cnc_monitoring\node_modules\express\lib\router\layer.js:95:5)
    at next (C:\Users\Александр\Documents\GIT\cnc_monitoring\node_modules\express\lib\router\route.js:149:13)
    at Route.dispatch (C:\Users\Александр\Documents\GIT\cnc_monitoring\node_modules\express\lib\router\route.js:119:3)
    at Layer.handle [as handle_request] (C:\Users\Александр\Documents\GIT\cnc_monitoring\node_modules\express\lib\router\layer.js:95:5)
    at C:\Users\Александр\Documents\GIT\cnc_monitoring\node_modules\express\lib\router\index.js:284:15
    at Function.process_params (C:\Users\Александр\Documents\GIT\cnc_monitoring\node_modules\express\lib\router\index.js:346:12)
    at next (C:\Users\Александр\Documents\GIT\cnc_monitoring\node_modules\express\lib\router\index.js:280:10)
    at jsonParser (C:\Users\Александр\Documents\GIT\cnc_monitoring\node_modules\body-parser\lib\types\json.js:113:7) {
  code: 'ETIMEDOUT',
  errno: undefined,
  sqlState: undefined
}
Error fetching workshop summary: Error: connect ETIMEDOUT
    at Object.createConnectionPromise [as createConnection] (C:\Users\Александр\Documents\GIT\cnc_monitoring\node_modules\mysql2\promise.js:19:31)
    at C:\Users\Александр\Documents\GIT\cnc_monitoring\server2.js:45:36
    at Layer.handle [as handle_request] (C:\Users\Александр\Documents\GIT\cnc_monitoring\node_modules\express\lib\router\layer.js:95:5)
    at next (C:\Users\Александр\Documents\GIT\cnc_monitoring\node_modules\express\lib\router\route.js:149:13)
    at Route.dispatch (C:\Users\Александр\Documents\GIT\cnc_monitoring\node_modules\express\lib\router\route.js:119:3)
    at Layer.handle [as handle_request] (C:\Users\Александр\Documents\GIT\cnc_monitoring\node_modules\express\lib\router\layer.js:95:5)
    at C:\Users\Александр\Documents\GIT\cnc_monitoring\node_modules\express\lib\router\index.js:284:15
    at Function.process_params (C:\Users\Александр\Documents\GIT\cnc_monitoring\node_modules\express\lib\router\index.js:346:12)
    at next (C:\Users\Александр\Documents\GIT\cnc_monitoring\node_modules\express\lib\router\index.js:280:10)
    at jsonParser (C:\Users\Александр\Documents\GIT\cnc_monitoring\node_modules\body-parser\lib\types\json.js:113:7) {
  code: 'ETIMEDOUT',
  errno: undefined,
  sqlState: undefined
}
Error fetching machines list: Error: connect ETIMEDOUT
    at Object.createConnectionPromise [as createConnection] (C:\Users\Александр\Documents\GIT\cnc_monitoring\node_modules\mysql2\promise.js:19:31)
    at C:\Users\Александр\Documents\GIT\cnc_monitoring\server2.js:306:36
    at Layer.handle [as handle_request] (C:\Users\Александр\Documents\GIT\cnc_monitoring\node_modules\express\lib\router\layer.js:95:5)
    at next (C:\Users\Александр\Documents\GIT\cnc_monitoring\node_modules\express\lib\router\route.js:149:13)
    at Route.dispatch (C:\Users\Александр\Documents\GIT\cnc_monitoring\node_modules\express\lib\router\route.js:119:3)
    at Layer.handle [as handle_request] (C:\Users\Александр\Documents\GIT\cnc_monitoring\node_modules\express\lib\router\layer.js:95:5)
    at C:\Users\Александр\Documents\GIT\cnc_monitoring\node_modules\express\lib\router\index.js:284:15
    at Function.process_params (C:\Users\Александр\Documents\GIT\cnc_monitoring\node_modules\express\lib\router\index.js:346:12)
    at next (C:\Users\Александр\Documents\GIT\cnc_monitoring\node_modules\express\lib\router\index.js:280:10)
    at jsonParser (C:\Users\Александр\Documents\GIT\cnc_monitoring\node_modules\body-parser\lib\types\json.js:113:7) {
  code: 'ETIMEDOUT',
  errno: undefined,
  sqlState: undefined
}
Error fetching workshop summary: Error: connect ETIMEDOUT
    at Object.createConnectionPromise [as createConnection] (C:\Users\Александр\Documents\GIT\cnc_monitoring\node_modules\mysql2\promise.js:19:31)
    at C:\Users\Александр\Documents\GIT\cnc_monitoring\server2.js:45:36
    at Layer.handle [as handle_request] (C:\Users\Александр\Documents\GIT\cnc_monitoring\node_modules\express\lib\router\layer.js:95:5)
    at next (C:\Users\Александр\Documents\GIT\cnc_monitoring\node_modules\express\lib\router\route.js:149:13)
    at Route.dispatch (C:\Users\Александр\Documents\GIT\cnc_monitoring\node_modules\express\lib\router\route.js:119:3)
    at Layer.handle [as handle_request] (C:\Users\Александр\Documents\GIT\cnc_monitoring\node_modules\express\lib\router\layer.js:95:5)
    at C:\Users\Александр\Documents\GIT\cnc_monitoring\node_modules\express\lib\router\index.js:284:15
    at Function.process_params (C:\Users\Александр\Documents\GIT\cnc_monitoring\node_modules\express\lib\router\index.js:346:12)
    at next (C:\Users\Александр\Documents\GIT\cnc_monitoring\node_modules\express\lib\router\index.js:280:10)
    at jsonParser (C:\Users\Александр\Documents\GIT\cnc_monitoring\node_modules\body-parser\lib\types\json.js:113:7) {
  code: 'ETIMEDOUT',
  errno: undefined,
  sqlState: undefined
}
Error fetching machines list: Error: connect ETIMEDOUT
    at Object.createConnectionPromise [as createConnection] (C:\Users\Александр\Documents\GIT\cnc_monitoring\node_modules\mysql2\promise.js:19:31)
    at C:\Users\Александр\Documents\GIT\cnc_monitoring\server2.js:306:36
    at Layer.handle [as handle_request] (C:\Users\Александр\Documents\GIT\cnc_monitoring\node_modules\express\lib\router\layer.js:95:5)
    at next (C:\Users\Александр\Documents\GIT\cnc_monitoring\node_modules\express\lib\router\route.js:149:13)
    at Route.dispatch (C:\Users\Александр\Documents\GIT\cnc_monitoring\node_modules\express\lib\router\route.js:119:3)
    at Layer.handle [as handle_request] (C:\Users\Александр\Documents\GIT\cnc_monitoring\node_modules\express\lib\router\layer.js:95:5)
    at C:\Users\Александр\Documents\GIT\cnc_monitoring\node_modules\express\lib\router\index.js:284:15
    at Function.process_params (C:\Users\Александр\Documents\GIT\cnc_monitoring\node_modules\express\lib\router\index.js:346:12)
    at next (C:\Users\Александр\Documents\GIT\cnc_monitoring\node_modules\express\lib\router\index.js:280:10)
    at jsonParser (C:\Users\Александр\Documents\GIT\cnc_monitoring\node_modules\body-parser\lib\types\json.js:113:7) {
  code: 'ETIMEDOUT',
  errno: undefined,
  sqlState: undefined
}
Error fetching workshop summary: Error: connect ETIMEDOUT
    at Object.createConnectionPromise [as createConnection] (C:\Users\Александр\Documents\GIT\cnc_monitoring\node_modules\mysql2\promise.js:19:31)
    at C:\Users\Александр\Documents\GIT\cnc_monitoring\server2.js:45:36
    at Layer.handle [as handle_request] (C:\Users\Александр\Documents\GIT\cnc_monitoring\node_modules\express\lib\router\layer.js:95:5)
    at next (C:\Users\Александр\Documents\GIT\cnc_monitoring\node_modules\express\lib\router\route.js:149:13)
    at Route.dispatch (C:\Users\Александр\Documents\GIT\cnc_monitoring\node_modules\express\lib\router\route.js:119:3)
    at Layer.handle [as handle_request] (C:\Users\Александр\Documents\GIT\cnc_monitoring\node_modules\express\lib\router\layer.js:95:5)
    at C:\Users\Александр\Documents\GIT\cnc_monitoring\node_modules\express\lib\router\index.js:284:15
    at Function.process_params (C:\Users\Александр\Documents\GIT\cnc_monitoring\node_modules\express\lib\router\index.js:346:12)
    at next (C:\Users\Александр\Documents\GIT\cnc_monitoring\node_modules\express\lib\router\index.js:280:10)
    at jsonParser (C:\Users\Александр\Documents\GIT\cnc_monitoring\node_modules\body-parser\lib\types\json.js:113:7) {
  code: 'ETIMEDOUT',
  errno: undefined,
  sqlState: undefined
}
Error fetching workshop summary: Error: connect ETIMEDOUT
    at Object.createConnectionPromise [as createConnection] (C:\Users\Александр\Documents\GIT\cnc_monitoring\node_modules\mysql2\promise.js:19:31)
    at C:\Users\Александр\Documents\GIT\cnc_monitoring\server2.js:45:36
    at Layer.handle [as handle_request] (C:\Users\Александр\Documents\GIT\cnc_monitoring\node_modules\express\lib\router\layer.js:95:5)
    at next (C:\Users\Александр\Documents\GIT\cnc_monitoring\node_modules\express\lib\router\route.js:149:13)
    at Route.dispatch (C:\Users\Александр\Documents\GIT\cnc_monitoring\node_modules\express\lib\router\route.js:119:3)
    at Layer.handle [as handle_request] (C:\Users\Александр\Documents\GIT\cnc_monitoring\node_modules\express\lib\router\layer.js:95:5)
    at C:\Users\Александр\Documents\GIT\cnc_monitoring\node_modules\express\lib\router\index.js:284:15
    at Function.process_params (C:\Users\Александр\Documents\GIT\cnc_monitoring\node_modules\express\lib\router\index.js:346:12)
    at next (C:\Users\Александр\Documents\GIT\cnc_monitoring\node_modules\express\lib\router\index.js:280:10)
    at jsonParser (C:\Users\Александр\Documents\GIT\cnc_monitoring\node_modules\body-parser\lib\types\json.js:113:7) {
  code: 'ETIMEDOUT',
  errno: undefined,
  sqlState: undefined
}
Ошибка загрузки настроек: Error: Can't add new command when connection is in closed state
    at PromiseConnection.execute (C:\Users\Александр\Documents\GIT\cnc_monitoring\node_modules\mysql2\lib\promise\connection.js:47:22)
    at C:\Users\Александр\Documents\GIT\cnc_monitoring\server2.js:147:43
    at Layer.handle [as handle_request] (C:\Users\Александр\Documents\GIT\cnc_monitoring\node_modules\express\lib\router\layer.js:95:5)
    at next (C:\Users\Александр\Documents\GIT\cnc_monitoring\node_modules\express\lib\router\route.js:149:13)
    at Route.dispatch (C:\Users\Александр\Documents\GIT\cnc_monitoring\node_modules\express\lib\router\route.js:119:3)
    at Layer.handle [as handle_request] (C:\Users\Александр\Documents\GIT\cnc_monitoring\node_modules\express\lib\router\layer.js:95:5)
    at C:\Users\Александр\Documents\GIT\cnc_monitoring\node_modules\express\lib\router\index.js:284:15
    at Function.process_params (C:\Users\Александр\Documents\GIT\cnc_monitoring\node_modules\express\lib\router\index.js:346:12)
    at next (C:\Users\Александр\Documents\GIT\cnc_monitoring\node_modules\express\lib\router\index.js:280:10)
    at C:\Users\Александр\Documents\GIT\cnc_monitoring\server2.js:48:3 {
  code: undefined,
  errno: undefined,
  sql: undefined,
  sqlState: undefined,
  sqlMessage: undefined
}
Ошибка загрузки настроек: Error: Can't add new command when connection is in closed state
    at PromiseConnection.execute (C:\Users\Александр\Documents\GIT\cnc_monitoring\node_modules\mysql2\lib\promise\connection.js:47:22)
    at C:\Users\Александр\Documents\GIT\cnc_monitoring\server2.js:147:43
    at Layer.handle [as handle_request] (C:\Users\Александр\Documents\GIT\cnc_monitoring\node_modules\express\lib\router\layer.js:95:5)
    at next (C:\Users\Александр\Documents\GIT\cnc_monitoring\node_modules\express\lib\router\route.js:149:13)
    at Route.dispatch (C:\Users\Александр\Documents\GIT\cnc_monitoring\node_modules\express\lib\router\route.js:119:3)
    at Layer.handle [as handle_request] (C:\Users\Александр\Documents\GIT\cnc_monitoring\node_modules\express\lib\router\layer.js:95:5)
    at C:\Users\Александр\Documents\GIT\cnc_monitoring\node_modules\express\lib\router\index.js:284:15
    at Function.process_params (C:\Users\Александр\Documents\GIT\cnc_monitoring\node_modules\express\lib\router\index.js:346:12)
    at next (C:\Users\Александр\Documents\GIT\cnc_monitoring\node_modules\express\lib\router\index.js:280:10)
    at C:\Users\Александр\Documents\GIT\cnc_monitoring\server2.js:48:3 {
  code: undefined,
  errno: undefined,
  sql: undefined,
  sqlState: undefined,
  sqlMessage: undefined
}
Ошибка загрузки настроек: Error: Can't add new command when connection is in closed state
    at PromiseConnection.execute (C:\Users\Александр\Documents\GIT\cnc_monitoring\node_modules\mysql2\lib\promise\connection.js:47:22)
    at C:\Users\Александр\Documents\GIT\cnc_monitoring\server2.js:147:43
    at Layer.handle [as handle_request] (C:\Users\Александр\Documents\GIT\cnc_monitoring\node_modules\express\lib\router\layer.js:95:5)
    at next (C:\Users\Александр\Documents\GIT\cnc_monitoring\node_modules\express\lib\router\route.js:149:13)
    at Route.dispatch (C:\Users\Александр\Documents\GIT\cnc_monitoring\node_modules\express\lib\router\route.js:119:3)
    at Layer.handle [as handle_request] (C:\Users\Александр\Documents\GIT\cnc_monitoring\node_modules\express\lib\router\layer.js:95:5)
    at C:\Users\Александр\Documents\GIT\cnc_monitoring\node_modules\express\lib\router\index.js:284:15
    at Function.process_params (C:\Users\Александр\Documents\GIT\cnc_monitoring\node_modules\express\lib\router\index.js:346:12)
    at next (C:\Users\Александр\Documents\GIT\cnc_monitoring\node_modules\express\lib\router\index.js:280:10)
    at C:\Users\Александр\Documents\GIT\cnc_monitoring\server2.js:48:3 {
  code: undefined,
  errno: undefined,
  sql: undefined,
  sqlState: undefined,
  sqlMessage: undefined
}
Ошибка загрузки настроек: Error: Can't add new command when connection is in closed state
    at PromiseConnection.execute (C:\Users\Александр\Documents\GIT\cnc_monitoring\node_modules\mysql2\lib\promise\connection.js:47:22)
    at C:\Users\Александр\Documents\GIT\cnc_monitoring\server2.js:147:43
    at Layer.handle [as handle_request] (C:\Users\Александр\Documents\GIT\cnc_monitoring\node_modules\express\lib\router\layer.js:95:5)
    at next (C:\Users\Александр\Documents\GIT\cnc_monitoring\node_modules\express\lib\router\route.js:149:13)
    at Route.dispatch (C:\Users\Александр\Documents\GIT\cnc_monitoring\node_modules\express\lib\router\route.js:119:3)
    at Layer.handle [as handle_request] (C:\Users\Александр\Documents\GIT\cnc_monitoring\node_modules\express\lib\router\layer.js:95:5)
    at C:\Users\Александр\Documents\GIT\cnc_monitoring\node_modules\express\lib\router\index.js:284:15
    at Function.process_params (C:\Users\Александр\Documents\GIT\cnc_monitoring\node_modules\express\lib\router\index.js:346:12)
    at next (C:\Users\Александр\Documents\GIT\cnc_monitoring\node_modules\express\lib\router\index.js:280:10)
    at C:\Users\Александр\Documents\GIT\cnc_monitoring\server2.js:48:3 {
  code: undefined,
  errno: undefined,
  sql: undefined,
  sqlState: undefined,
  sqlMessage: undefined
}
Error fetching machines list: ReferenceError: getAllMachines is not defined
    at C:\Users\Александр\Documents\GIT\cnc_monitoring\server2.js:403:25
    at process.processTicksAndRejections (node:internal/process/task_queues:105:5)
Error fetching workshop summary: ReferenceError: calculateMachineStatusTime is not defined
    at C:\Users\Александр\Documents\GIT\cnc_monitoring\server2.js:233:26
    at process.processTicksAndRejections (node:internal/process/task_queues:105:5)
Error fetching machines list: ReferenceError: getAllMachines is not defined
    at C:\Users\Александр\Documents\GIT\cnc_monitoring\server2.js:403:25
    at process.processTicksAndRejections (node:internal/process/task_queues:105:5)
Error fetching workshop summary: ReferenceError: calculateMachineStatusTime is not defined
    at C:\Users\Александр\Documents\GIT\cnc_monitoring\server2.js:233:26
    at process.processTicksAndRejections (node:internal/process/task_queues:105:5)
Error fetching machines list: ReferenceError: getAllMachines is not defined
    at C:\Users\Александр\Documents\GIT\cnc_monitoring\server2.js:403:25
    at process.processTicksAndRejections (node:internal/process/task_queues:105:5)
Error fetching workshop summary: ReferenceError: calculateMachineStatusTime is not defined
    at C:\Users\Александр\Documents\GIT\cnc_monitoring\server2.js:233:26
    at process.processTicksAndRejections (node:internal/process/task_queues:105:5)
Error fetching workshop summary: Error: connect ECONNREFUSED 192.168.1.42:3306
    at Object.createConnectionPromise [as createConnection] (C:\Users\Александр\Documents\GIT\cnc_monitoring\node_modules\mysql2\promise.js:19:31)
    at C:\Users\Александр\Documents\GIT\cnc_monitoring\server2.js:105:36
    at Layer.handle [as handle_request] (C:\Users\Александр\Documents\GIT\cnc_monitoring\node_modules\express\lib\router\layer.js:95:5)
    at next (C:\Users\Александр\Documents\GIT\cnc_monitoring\node_modules\express\lib\router\route.js:149:13)
    at Route.dispatch (C:\Users\Александр\Documents\GIT\cnc_monitoring\node_modules\express\lib\router\route.js:119:3)
    at Layer.handle [as handle_request] (C:\Users\Александр\Documents\GIT\cnc_monitoring\node_modules\express\lib\router\layer.js:95:5)
    at C:\Users\Александр\Documents\GIT\cnc_monitoring\node_modules\express\lib\router\index.js:284:15
    at Function.process_params (C:\Users\Александр\Documents\GIT\cnc_monitoring\node_modules\express\lib\router\index.js:346:12)
    at next (C:\Users\Александр\Documents\GIT\cnc_monitoring\node_modules\express\lib\router\index.js:280:10)
    at jsonParser (C:\Users\Александр\Documents\GIT\cnc_monitoring\node_modules\body-parser\lib\types\json.js:113:7) {
  code: 'ECONNREFUSED',
  errno: -4078,
  sqlState: undefined
}
Error fetching machines list: Error: connect ECONNREFUSED 192.168.1.42:3306
    at Object.createConnectionPromise [as createConnection] (C:\Users\Александр\Documents\GIT\cnc_monitoring\node_modules\mysql2\promise.js:19:31)
    at C:\Users\Александр\Documents\GIT\cnc_monitoring\server2.js:270:36
    at Layer.handle [as handle_request] (C:\Users\Александр\Documents\GIT\cnc_monitoring\node_modules\express\lib\router\layer.js:95:5)
    at next (C:\Users\Александр\Documents\GIT\cnc_monitoring\node_modules\express\lib\router\route.js:149:13)
    at Route.dispatch (C:\Users\Александр\Documents\GIT\cnc_monitoring\node_modules\express\lib\router\route.js:119:3)
    at Layer.handle [as handle_request] (C:\Users\Александр\Documents\GIT\cnc_monitoring\node_modules\express\lib\router\layer.js:95:5)
    at C:\Users\Александр\Documents\GIT\cnc_monitoring\node_modules\express\lib\router\index.js:284:15
    at Function.process_params (C:\Users\Александр\Documents\GIT\cnc_monitoring\node_modules\express\lib\router\index.js:346:12)
    at next (C:\Users\Александр\Documents\GIT\cnc_monitoring\node_modules\express\lib\router\index.js:280:10)
    at jsonParser (C:\Users\Александр\Documents\GIT\cnc_monitoring\node_modules\body-parser\lib\types\json.js:113:7) {
  code: 'ECONNREFUSED',
  errno: -4078,
  sqlState: undefined
}
Error fetching workshop summary: Error: connect ECONNREFUSED 192.168.1.42:3306
    at Object.createConnectionPromise [as createConnection] (C:\Users\Александр\Documents\GIT\cnc_monitoring\node_modules\mysql2\promise.js:19:31)
    at C:\Users\Александр\Documents\GIT\cnc_monitoring\server2.js:105:36
    at Layer.handle [as handle_request] (C:\Users\Александр\Documents\GIT\cnc_monitoring\node_modules\express\lib\router\layer.js:95:5)
    at next (C:\Users\Александр\Documents\GIT\cnc_monitoring\node_modules\express\lib\router\route.js:149:13)
    at Route.dispatch (C:\Users\Александр\Documents\GIT\cnc_monitoring\node_modules\express\lib\router\route.js:119:3)
    at Layer.handle [as handle_request] (C:\Users\Александр\Documents\GIT\cnc_monitoring\node_modules\express\lib\router\layer.js:95:5)
    at C:\Users\Александр\Documents\GIT\cnc_monitoring\node_modules\express\lib\router\index.js:284:15
    at Function.process_params (C:\Users\Александр\Documents\GIT\cnc_monitoring\node_modules\express\lib\router\index.js:346:12)
    at next (C:\Users\Александр\Documents\GIT\cnc_monitoring\node_modules\express\lib\router\index.js:280:10)
    at jsonParser (C:\Users\Александр\Documents\GIT\cnc_monitoring\node_modules\body-parser\lib\types\json.js:113:7) {
  code: 'ECONNREFUSED',
  errno: -4078,
  sqlState: undefined
}
Error fetching machines list: Error: connect ECONNREFUSED 192.168.1.42:3306
    at Object.createConnectionPromise [as createConnection] (C:\Users\Александр\Documents\GIT\cnc_monitoring\node_modules\mysql2\promise.js:19:31)
    at C:\Users\Александр\Documents\GIT\cnc_monitoring\server2.js:270:36
    at Layer.handle [as handle_request] (C:\Users\Александр\Documents\GIT\cnc_monitoring\node_modules\express\lib\router\layer.js:95:5)
    at next (C:\Users\Александр\Documents\GIT\cnc_monitoring\node_modules\express\lib\router\route.js:149:13)
    at Route.dispatch (C:\Users\Александр\Documents\GIT\cnc_monitoring\node_modules\express\lib\router\route.js:119:3)
    at Layer.handle [as handle_request] (C:\Users\Александр\Documents\GIT\cnc_monitoring\node_modules\express\lib\router\layer.js:95:5)
    at C:\Users\Александр\Documents\GIT\cnc_monitoring\node_modules\express\lib\router\index.js:284:15
    at Function.process_params (C:\Users\Александр\Documents\GIT\cnc_monitoring\node_modules\express\lib\router\index.js:346:12)
    at next (C:\Users\Александр\Documents\GIT\cnc_monitoring\node_modules\express\lib\router\index.js:280:10)
    at jsonParser (C:\Users\Александр\Documents\GIT\cnc_monitoring\node_modules\body-parser\lib\types\json.js:113:7) {
  code: 'ECONNREFUSED',
  errno: -4078,
  sqlState: undefined
}
Error fetching workshop summary: Error: connect ECONNREFUSED 192.168.1.42:3306
    at Object.createConnectionPromise [as createConnection] (C:\Users\Александр\Documents\GIT\cnc_monitoring\node_modules\mysql2\promise.js:19:31)
    at C:\Users\Александр\Documents\GIT\cnc_monitoring\server2.js:105:36
    at Layer.handle [as handle_request] (C:\Users\Александр\Documents\GIT\cnc_monitoring\node_modules\express\lib\router\layer.js:95:5)
    at next (C:\Users\Александр\Documents\GIT\cnc_monitoring\node_modules\express\lib\router\route.js:149:13)
    at Route.dispatch (C:\Users\Александр\Documents\GIT\cnc_monitoring\node_modules\express\lib\router\route.js:119:3)
    at Layer.handle [as handle_request] (C:\Users\Александр\Documents\GIT\cnc_monitoring\node_modules\express\lib\router\layer.js:95:5)
    at C:\Users\Александр\Documents\GIT\cnc_monitoring\node_modules\express\lib\router\index.js:284:15
    at Function.process_params (C:\Users\Александр\Documents\GIT\cnc_monitoring\node_modules\express\lib\router\index.js:346:12)
    at next (C:\Users\Александр\Documents\GIT\cnc_monitoring\node_modules\express\lib\router\index.js:280:10)
    at jsonParser (C:\Users\Александр\Documents\GIT\cnc_monitoring\node_modules\body-parser\lib\types\json.js:113:7) {
  code: 'ECONNREFUSED',
  errno: -4078,
  sqlState: undefined
}
Error fetching workshop summary: Error: connect ECONNREFUSED 192.168.1.42:3306
    at Object.createConnectionPromise [as createConnection] (C:\Users\Александр\Documents\GIT\cnc_monitoring\node_modules\mysql2\promise.js:19:31)
    at C:\Users\Александр\Documents\GIT\cnc_monitoring\server2.js:105:36
    at Layer.handle [as handle_request] (C:\Users\Александр\Documents\GIT\cnc_monitoring\node_modules\express\lib\router\layer.js:95:5)
    at next (C:\Users\Александр\Documents\GIT\cnc_monitoring\node_modules\express\lib\router\route.js:149:13)
    at Route.dispatch (C:\Users\Александр\Documents\GIT\cnc_monitoring\node_modules\express\lib\router\route.js:119:3)
    at Layer.handle [as handle_request] (C:\Users\Александр\Documents\GIT\cnc_monitoring\node_modules\express\lib\router\layer.js:95:5)
    at C:\Users\Александр\Documents\GIT\cnc_monitoring\node_modules\express\lib\router\index.js:284:15
    at Function.process_params (C:\Users\Александр\Documents\GIT\cnc_monitoring\node_modules\express\lib\router\index.js:346:12)
    at next (C:\Users\Александр\Documents\GIT\cnc_monitoring\node_modules\express\lib\router\index.js:280:10)
    at jsonParser (C:\Users\Александр\Documents\GIT\cnc_monitoring\node_modules\body-parser\lib\types\json.js:113:7) {
  code: 'ECONNREFUSED',
  errno: -4078,
  sqlState: undefined
}
Error fetching workshop summary: Error: connect ECONNREFUSED 192.168.1.42:3306
    at Object.createConnectionPromise [as createConnection] (C:\Users\Александр\Documents\GIT\cnc_monitoring\node_modules\mysql2\promise.js:19:31)
    at C:\Users\Александр\Documents\GIT\cnc_monitoring\server2.js:105:36
    at Layer.handle [as handle_request] (C:\Users\Александр\Documents\GIT\cnc_monitoring\node_modules\express\lib\router\layer.js:95:5)
    at next (C:\Users\Александр\Documents\GIT\cnc_monitoring\node_modules\express\lib\router\route.js:149:13)
    at Route.dispatch (C:\Users\Александр\Documents\GIT\cnc_monitoring\node_modules\express\lib\router\route.js:119:3)
    at Layer.handle [as handle_request] (C:\Users\Александр\Documents\GIT\cnc_monitoring\node_modules\express\lib\router\layer.js:95:5)
    at C:\Users\Александр\Documents\GIT\cnc_monitoring\node_modules\express\lib\router\index.js:284:15
    at Function.process_params (C:\Users\Александр\Documents\GIT\cnc_monitoring\node_modules\express\lib\router\index.js:346:12)
    at next (C:\Users\Александр\Documents\GIT\cnc_monitoring\node_modules\express\lib\router\index.js:280:10)
    at jsonParser (C:\Users\Александр\Documents\GIT\cnc_monitoring\node_modules\body-parser\lib\types\json.js:113:7) {
  code: 'ECONNREFUSED',
  errno: -4078,
  sqlState: undefined
}
Error fetching workshop summary: TypeError: Cannot read properties of undefined (reading 'idle')
    at C:\Users\Александр\Documents\GIT\cnc_monitoring\server2.js:224:69
    at process.processTicksAndRejections (node:internal/process/task_queues:105:5)
Ignoring invalid configuration option passed to Connection: acquireTimeout. This is currently a warning, but in future versions of MySQL2, an error will be thrown if you pass an invalid configuration option to a Connection
Ignoring invalid configuration option passed to Connection: acquireTimeout. This is currently a warning, but in future versions of MySQL2, an error will be thrown if you pass an invalid configuration option to a Connection
Ошибка генерации почасовых данных: TypeError: moments[i].isValid is not a function
    at pickBy (C:\Users\Александр\Documents\GIT\cnc_monitoring\node_modules\moment\moment.js:3145:29)
    at Function.min (C:\Users\Александр\Documents\GIT\cnc_monitoring\node_modules\moment\moment.js:3156:16)
    at generateHourlyChartData (C:\Users\Александр\Documents\GIT\cnc_monitoring\server2.js:333:33)
    at process.processTicksAndRejections (node:internal/process/task_queues:105:5)
    at async C:\Users\Александр\Documents\GIT\cnc_monitoring\server2.js:558:27
Ошибка: Error: Не удалось сгенерировать почасовые данные
    at generateHourlyChartData (C:\Users\Александр\Documents\GIT\cnc_monitoring\server2.js:375:11)
    at process.processTicksAndRejections (node:internal/process/task_queues:105:5)
    at async C:\Users\Александр\Documents\GIT\cnc_monitoring\server2.js:558:27
Ошибка генерации почасовых данных: TypeError: moments[i].isValid is not a function
    at pickBy (C:\Users\Александр\Documents\GIT\cnc_monitoring\node_modules\moment\moment.js:3145:29)
    at Function.min (C:\Users\Александр\Documents\GIT\cnc_monitoring\node_modules\moment\moment.js:3156:16)
    at generateHourlyChartData (C:\Users\Александр\Documents\GIT\cnc_monitoring\server2.js:333:33)
    at process.processTicksAndRejections (node:internal/process/task_queues:105:5)
    at async C:\Users\Александр\Documents\GIT\cnc_monitoring\server2.js:558:27
Ошибка: Error: Не удалось сгенерировать почасовые данные
    at generateHourlyChartData (C:\Users\Александр\Documents\GIT\cnc_monitoring\server2.js:375:11)
    at process.processTicksAndRejections (node:internal/process/task_queues:105:5)
    at async C:\Users\Александр\Documents\GIT\cnc_monitoring\server2.js:558:27
Ошибка генерации почасовых данных: TypeError: moments[i].isValid is not a function
    at pickBy (C:\Users\Александр\Documents\GIT\cnc_monitoring\node_modules\moment\moment.js:3145:29)
    at Function.min (C:\Users\Александр\Documents\GIT\cnc_monitoring\node_modules\moment\moment.js:3156:16)
    at generateHourlyChartData (C:\Users\Александр\Documents\GIT\cnc_monitoring\server2.js:333:33)
    at process.processTicksAndRejections (node:internal/process/task_queues:105:5)
    at async C:\Users\Александр\Documents\GIT\cnc_monitoring\server2.js:558:27
Ошибка: Error: Не удалось сгенерировать почасовые данные
    at generateHourlyChartData (C:\Users\Александр\Documents\GIT\cnc_monitoring\server2.js:375:11)
    at process.processTicksAndRejections (node:internal/process/task_queues:105:5)
    at async C:\Users\Александр\Documents\GIT\cnc_monitoring\server2.js:558:27
Ignoring invalid configuration option passed to Connection: acquireTimeout. This is currently a warning, but in future versions of MySQL2, an error will be thrown if you pass an invalid configuration option to a Connection
Нет данных для станка 1 за период 2025-07-29 00:00:00 - 2025-07-30 23:59:59
Нет данных для станка 3 за период 2025-07-29 00:00:00 - 2025-07-30 23:59:59
Нет данных для станка 1 за период 2025-07-26 00:00:00 - 2025-08-02 23:59:59
Нет данных для станка 3 за период 2025-07-26 00:00:00 - 2025-08-02 23:59:59
Нет данных для станка 1 за период 2025-06-30 00:00:00 - 2025-07-31 23:59:59
Нет данных для станка 1 за период 2025-07-29 00:00:00 - 2025-07-30 23:59:59
Нет данных для станка 3 за период 2025-07-29 00:00:00 - 2025-07-30 23:59:59
