Analytics server running on port 3001
Current server time: Thu Jul 03 2025 10:10:22 GMT+0300 (Москва, стандартное время)
Analytics server running on port 3001
Current server time: Thu Jul 03 2025 11:40:25 GMT+0300 (Москва, стандартное время)
Analytics server running on port 3001
Current server time: Thu Jul 03 2025 15:26:07 GMT+0300 (Москва, стандартное время)
Analytics server running on port 3001
Current server time: Thu Jul 03 2025 16:04:27 GMT+0300 (Москва, стандартное время)
Analytics server running on port 3001
Current server time: Thu Jul 03 2025 16:26:03 GMT+0300 (Москва, стандартное время)
Analytics server running on port 3001
Current server time: Fri Jul 04 2025 08:38:48 GMT+0300 (Москва, стандартное время)
Analytics server running on port 3001
Current server time: Fri Jul 04 2025 09:14:01 GMT+0300 (Москва, стандартное время)
Analytics server running on port 3001
Current server time: Fri Jul 04 2025 09:17:30 GMT+0300 (Москва, стандартное время)
Analytics server running on port 3001
Current server time: Fri Jul 04 2025 10:14:47 GMT+0300 (Москва, стандартное время)
Analytics server running on port 3001
Current server time: Fri Jul 04 2025 10:37:45 GMT+0300 (Москва, стандартное время)
Analytics server running on port 3001
Current server time: Fri Jul 04 2025 10:43:05 GMT+0300 (Москва, стандартное время)
Analytics server running on port 3001
Current server time: Fri Jul 04 2025 11:24:52 GMT+0300 (Москва, стандартное время)
Analytics server running on port 3001
Current server time: Fri Jul 04 2025 11:45:43 GMT+0300 (Москва, стандартное время)
Analytics server running on port 3001
Current server time: Fri Jul 04 2025 11:55:28 GMT+0300 (Москва, стандартное время)
Analytics server running on port 3001
Current server time: Fri Jul 04 2025 12:50:17 GMT+0300 (Москва, стандартное время)
Analytics server running on port 3001
Current server time: Fri Jul 04 2025 12:51:33 GMT+0300 (Москва, стандартное время)
Analytics server running on port 3001
Current server time: Fri Jul 04 2025 12:58:06 GMT+0300 (Москва, стандартное время)
Analytics server running on port 3001
Current server time: Fri Jul 04 2025 13:10:42 GMT+0300 (Москва, стандартное время)
Analytics server running on port 3001
Current server time: Fri Jul 04 2025 14:17:43 GMT+0300 (Москва, стандартное время)
Analytics server running on port 3001
Current server time: Fri Jul 04 2025 15:02:52 GMT+0300 (Москва, стандартное время)
Analytics server running on port 3001
Current server time: Fri Jul 04 2025 15:13:38 GMT+0300 (Москва, стандартное время)
Analytics server running on port 3001
Current server time: Fri Jul 04 2025 15:18:00 GMT+0300 (Москва, стандартное время)
Analytics server running on port 3001
Current server time: Mon Jul 07 2025 08:52:36 GMT+0300 (Москва, стандартное время)
Analytics server running on port 3001
Current server time: Mon Jul 07 2025 09:49:43 GMT+0300 (Москва, стандартное время)
Analytics server running on port 3001
Current server time: Mon Jul 07 2025 09:53:55 GMT+0300 (Москва, стандартное время)
Analytics server running on port 3001
Current server time: Mon Jul 07 2025 10:27:52 GMT+0300 (Москва, стандартное время)
Analytics server running on port 3001
Current server time: Mon Jul 07 2025 10:47:32 GMT+0300 (Москва, стандартное время)
Analytics server running on port 3001
Current server time: Mon Jul 07 2025 16:35:44 GMT+0300 (Москва, стандартное время)
Analytics server running on port 3001
Current server time: Tue Jul 08 2025 08:58:09 GMT+0300 (Москва, стандартное время)
